0 info it worked if it ends with ok
1 verbose cli [ '/home/dev/opt/node-v4.4.6-linux-x64/bin/node',
1 verbose cli   '/home/dev/opt/node-v4.4.6-linux-x64/bin/npm',
1 verbose cli   'install' ]
2 info using npm@3.9.6
3 info using node@v4.4.6
4 silly loadCurrentTree Starting
5 silly install loadCurrentTree
6 silly install readLocalPackageData
7 silly rollbackFailedOptional Starting
8 silly rollbackFailedOptional Finishing
9 silly runTopLevelLifecycles Starting
10 silly runTopLevelLifecycles Finishing
11 silly install printInstalled
12 verbose stack Error: Failed to parse json
12 verbose stack Trailing comma in object at 61:1
12 verbose stack }
12 verbose stack ^
12 verbose stack     at parseError (/home/dev/opt/node-v4.4.6-linux-x64/lib/node_modules/npm/node_modules/read-package-json/read-json.js:390:11)
12 verbose stack     at parseJson (/home/dev/opt/node-v4.4.6-linux-x64/lib/node_modules/npm/node_modules/read-package-json/read-json.js:79:23)
12 verbose stack     at /home/dev/opt/node-v4.4.6-linux-x64/lib/node_modules/npm/node_modules/read-package-json/read-json.js:48:5
12 verbose stack     at /home/dev/opt/node-v4.4.6-linux-x64/lib/node_modules/npm/node_modules/graceful-fs/graceful-fs.js:78:16
12 verbose stack     at FSReqWrap.readFileAfterClose [as oncomplete] (fs.js:380:3)
13 verbose cwd /home/dev/testRepo
14 error Linux 3.10.0-327.36.3.el7.x86_64
15 error argv "/home/dev/opt/node-v4.4.6-linux-x64/bin/node" "/home/dev/opt/node-v4.4.6-linux-x64/bin/npm" "install"
16 error node v4.4.6
17 error npm  v3.9.6
18 error file /home/dev/testRepo/package.json
19 error code EJSONPARSE
20 error Failed to parse json
20 error Trailing comma in object at 61:1
20 error }
20 error ^
21 error File: /home/dev/testRepo/package.json
22 error Failed to parse package.json data.
22 error package.json must be actual JSON, not just JavaScript.
22 error
22 error This is not a bug in npm.
22 error Tell the package author to fix their package.json file. JSON.parse
23 verbose exit [ 1, true ]
